<?xml version="1.0" encoding="UTF-8"?>
<!-- Generated by org.testng.reporters.JUnitReportReporter -->
<testsuite hostname="Sukanya" failures="0" tests="2" name="BDD.Cucumber.TestRunner" time="5.220" errors="0" timestamp="2024-11-11T15:49:48 IST" skipped="0">
  <testcase classname="BDD.Cucumber.TestRunner" name="runScenario" time="2.813"/>
  <system-out/>
  <testcase classname="BDD.Cucumber.TestRunner" name="runScenario" time="2.407"/>
  <system-out/>
</testsuite> <!-- BDD.Cucumber.TestRunner -->
